<?xml version="1.0" encoding="utf-8"?><testsuite errors="0" failures="1" name="pytest" skips="0" tests="6" time="0.531"><testcase classname="pytests.test_index" file="pytests/test_index.py" line="10" name="test_conda_environment_activated" time="0.0020062923431396484"></testcase><testcase classname="pytests.test_index" file="pytests/test_index.py" line="13" name="test_number_of_destinations_func" time="0.0007288455963134766"></testcase><testcase classname="pytests.test_index" file="pytests/test_index.py" line="18" name="test_next_up_func" time="0.0007042884826660156"></testcase><testcase classname="pytests.test_index" file="pytests/test_index.py" line="23" name="test_favorite_destination_func" time="0.0007390975952148438"></testcase><testcase classname="pytests.test_index" file="pytests/test_index.py" line="27" name="test_add_favorite_destination_func" time="0.0007865428924560547"><failure message="TypeError: add_favorite_destination() missing 1 required positional argument: &apos;destination&apos;">def test_add_favorite_destination_func():
        favorite_destinations = [&apos;argentina&apos;, &apos;mexico&apos;, &apos;italy&apos;, &apos;finland&apos;, &apos;canada&apos;, &apos;croatia&apos;, &apos;madagascar&apos;]
        assert &apos;add_favorite_destination&apos; in ipynb.fs.full.index.__dict__, &quot;The function add_favorite_destination is not yet defined&quot;
&gt;       assert add_favorite_destination() == &apos;madagascar&apos;, &quot;The add_favorite_destination function should return the string madagascar&quot;
E       TypeError: add_favorite_destination() missing 1 required positional argument: &apos;destination&apos;

pytests/test_index.py:31: TypeError</failure></testcase><testcase classname="pytests.test_index" file="pytests/test_index.py" line="33" name="test_capitalize_countries_func" time="0.0007684230804443359"></testcase></testsuite>